2025-11-26 15:10:41,192 - INFO - ==================================================
2025-11-26 15:10:41,192 - INFO - NEW TRAINING RUN STARTED
2025-11-26 15:10:41,193 - INFO - ==================================================
2025-11-26 16:52:22,531 - INFO - Parameters for SimpleECT_CNN run:
2025-11-26 16:52:22,531 - INFO -   Quantiles: [0.1, 0.5, 0.7]
2025-11-26 16:52:22,531 - INFO -   Num Directions: 32
2025-11-26 16:52:22,531 - INFO -   Num Thresholds: 16
2025-11-26 16:52:22,531 - INFO - Feature matrix X shape: (10000, 4608)
2025-11-26 16:53:11,038 - INFO -   Num Epochs: 30
2025-11-26 16:53:11,038 - INFO -   Learning Rate: 0.001
2025-11-26 16:53:11,038 - INFO - Starting SimpleECT_CNN training...
2025-11-26 16:53:12,438 - INFO - Epoch [1/30], Loss: 2.2369
2025-11-26 16:53:13,840 - INFO - Epoch [2/30], Loss: 2.0966
2025-11-26 16:53:15,288 - INFO - Epoch [3/30], Loss: 1.9983
2025-11-26 16:53:16,651 - INFO - Epoch [4/30], Loss: 1.9089
2025-11-26 16:53:17,902 - INFO - Epoch [5/30], Loss: 1.8379
2025-11-26 16:53:19,008 - INFO - Epoch [6/30], Loss: 1.7775
2025-11-26 16:53:20,292 - INFO - Epoch [7/30], Loss: 1.7159
2025-11-26 16:53:21,537 - INFO - Epoch [8/30], Loss: 1.6643
2025-11-26 16:53:22,790 - INFO - Epoch [9/30], Loss: 1.6232
2025-11-26 16:53:24,119 - INFO - Epoch [10/30], Loss: 1.5592
2025-11-26 16:53:25,603 - INFO - Epoch [11/30], Loss: 1.5405
2025-11-26 16:53:27,014 - INFO - Epoch [12/30], Loss: 1.4985
2025-11-26 16:53:28,470 - INFO - Epoch [13/30], Loss: 1.4556
2025-11-26 16:53:29,944 - INFO - Epoch [14/30], Loss: 1.4198
2025-11-26 16:53:31,415 - INFO - Epoch [15/30], Loss: 1.3859
2025-11-26 16:53:32,825 - INFO - Epoch [16/30], Loss: 1.3648
2025-11-26 16:53:34,225 - INFO - Epoch [17/30], Loss: 1.3254
2025-11-26 16:53:35,527 - INFO - Epoch [18/30], Loss: 1.3158
2025-11-26 16:53:36,929 - INFO - Epoch [19/30], Loss: 1.2668
2025-11-26 16:53:38,289 - INFO - Epoch [20/30], Loss: 1.2321
2025-11-26 16:53:39,535 - INFO - Epoch [21/30], Loss: 1.2078
2025-11-26 16:53:40,777 - INFO - Epoch [22/30], Loss: 1.1976
2025-11-26 16:53:41,970 - INFO - Epoch [23/30], Loss: 1.1717
2025-11-26 16:53:43,280 - INFO - Epoch [24/30], Loss: 1.1339
2025-11-26 16:53:44,675 - INFO - Epoch [25/30], Loss: 1.1062
2025-11-26 16:53:46,129 - INFO - Epoch [26/30], Loss: 1.0761
2025-11-26 16:53:47,130 - INFO - Epoch [27/30], Loss: 1.0485
2025-11-26 16:53:48,532 - INFO - Epoch [28/30], Loss: 1.0416
2025-11-26 16:53:49,980 - INFO - Epoch [29/30], Loss: 1.0236
2025-11-26 16:53:51,495 - INFO - Epoch [30/30], Loss: 1.0052
2025-11-26 16:53:51,495 - INFO - Finished SimpleECT_CNN training.
2025-11-26 16:53:51,760 - INFO - Overall Test Accuracy: 35.70 %
2025-11-26 16:54:00,704 - INFO - Accuracy by class:
  Accuracy of airplane   : 46.77 %
  Accuracy of automobile : 40.00 %
  Accuracy of bird       : 18.93 %
  Accuracy of cat        : 33.99 %
  Accuracy of deer       : 34.00 %
  Accuracy of dog        : 19.68 %
  Accuracy of frog       : 29.13 %
  Accuracy of horse      : 46.00 %
  Accuracy of ship       : 49.76 %
  Accuracy of truck      : 38.27 %
2025-11-26 16:54:00,711 - INFO - ==================================================

2025-11-26 17:11:18,055 - INFO - ==================================================
2025-11-26 17:11:18,055 - INFO - NEW TRAINING RUN STARTED
2025-11-26 17:11:18,055 - INFO - ==================================================
