2025-11-18 22:18:31,156 - INFO - ==================================================
2025-11-18 22:18:31,156 - INFO - NEW TRAINING RUN STARTED
2025-11-18 22:18:31,157 - INFO - ==================================================
2025-11-18 22:56:31,627 - INFO - ==================================================
2025-11-18 22:56:31,627 - INFO - NEW TRAINING RUN STARTED
2025-11-18 22:56:31,627 - INFO - ==================================================
2025-11-18 23:44:08,027 - INFO - Parameters for SimpleECT_CNN run:
2025-11-18 23:44:08,028 - INFO -   Quantiles: [0.2, 0.5, 0.7]
2025-11-18 23:44:08,028 - INFO -   Num Directions: 50
2025-11-18 23:44:08,029 - INFO -   Num Thresholds: 32
2025-11-18 23:44:08,029 - INFO - Feature matrix X shape: (10000, 4800)
2025-11-18 23:57:38,095 - INFO - Starting TDA+RandomForest training...
2025-11-18 23:57:42,058 - INFO - Evaluating RandomForest...
2025-11-18 23:57:42,175 - INFO - TDA+RandomForest Accuracy: 70.65 %
2025-11-18 23:57:42,181 - INFO - Random Forest Classification Report:
              precision    recall  f1-score   support

 T-shirt/top       0.67      0.65      0.66       189
     Trouser       0.98      0.90      0.94       205
    Pullover       0.62      0.63      0.62       203
       Dress       0.64      0.73      0.68       204
        Coat       0.56      0.50      0.53       195
      Sandal       0.78      0.81      0.80       198
       Shirt       0.49      0.46      0.48       204
     Sneaker       0.74      0.84      0.79       204
         Bag       0.73      0.72      0.73       198
  Ankle boot       0.83      0.82      0.83       200

    accuracy                           0.71      2000
   macro avg       0.71      0.71      0.70      2000
weighted avg       0.71      0.71      0.71      2000

2025-11-19 00:01:17,172 - INFO - Parameters for SimpleECT_CNN run:
2025-11-19 00:01:17,172 - INFO -   Quantiles: [0.1, 0.3, 0.5, 0.7]
2025-11-19 00:01:17,172 - INFO -   Num Directions: 50
2025-11-19 00:01:17,172 - INFO -   Num Thresholds: 32
2025-11-19 00:01:17,172 - INFO - Feature matrix X shape: (10000, 6400)
2025-11-19 00:01:39,967 - INFO - Starting TDA+RandomForest training...
2025-11-19 00:01:44,190 - INFO - Evaluating RandomForest...
2025-11-19 00:01:44,299 - INFO - TDA+RandomForest Accuracy: 76.35 %
2025-11-19 00:01:44,306 - INFO - Random Forest Classification Report:
              precision    recall  f1-score   support

 T-shirt/top       0.73      0.73      0.73       189
     Trouser       0.97      0.93      0.95       205
    Pullover       0.72      0.71      0.72       203
       Dress       0.67      0.78      0.72       204
        Coat       0.60      0.55      0.57       195
      Sandal       0.88      0.87      0.88       198
       Shirt       0.54      0.47      0.50       204
     Sneaker       0.79      0.90      0.84       204
         Bag       0.78      0.80      0.79       198
  Ankle boot       0.93      0.88      0.90       200

    accuracy                           0.76      2000
   macro avg       0.76      0.76      0.76      2000
weighted avg       0.76      0.76      0.76      2000

2025-11-25 16:37:01,470 - INFO - Parameters for SimpleECT_CNN run:
2025-11-25 16:37:01,470 - INFO -   Quantiles: [0.5]
2025-11-25 16:37:01,470 - INFO -   Num Directions: 50
2025-11-25 16:37:01,486 - INFO -   Num Thresholds: 32
2025-11-25 16:37:01,486 - INFO - Feature matrix X shape: (10000, 1600)
2025-11-25 16:37:10,359 - INFO - Starting TDA+RandomForest training...
2025-11-25 16:37:12,807 - INFO - Evaluating RandomForest...
2025-11-25 16:37:12,992 - INFO - TDA+RandomForest Accuracy: 63.15 %
2025-11-25 16:37:13,015 - INFO - Random Forest Classification Report:
              precision    recall  f1-score   support

 T-shirt/top       0.62      0.62      0.62       189
     Trouser       0.86      0.87      0.87       205
    Pullover       0.60      0.62      0.61       203
       Dress       0.50      0.61      0.55       204
        Coat       0.51      0.36      0.42       195
      Sandal       0.66      0.70      0.68       198
       Shirt       0.43      0.42      0.42       204
     Sneaker       0.67      0.70      0.69       204
         Bag       0.68      0.68      0.68       198
  Ankle boot       0.77      0.73      0.75       200

    accuracy                           0.63      2000
   macro avg       0.63      0.63      0.63      2000
weighted avg       0.63      0.63      0.63      2000

2025-11-25 16:46:48,550 - INFO - Parameters for SimpleECT_CNN run:
2025-11-25 16:46:48,552 - INFO -   Quantiles: [0.1, 0.3, 0.5, 0.7]
2025-11-25 16:46:48,552 - INFO -   Num Directions: 50
2025-11-25 16:46:48,552 - INFO -   Num Thresholds: 32
2025-11-25 16:46:48,553 - INFO - Feature matrix X shape: (60000, 6400)
2025-11-25 16:46:51,827 - INFO - Starting TDA+RandomForest training...
2025-11-25 16:47:27,389 - INFO - Evaluating RandomForest...
2025-11-25 16:47:28,230 - INFO - TDA+RandomForest Accuracy: 80.50 %
2025-11-25 16:47:28,247 - INFO - Random Forest Classification Report:
              precision    recall  f1-score   support

 T-shirt/top       0.78      0.76      0.77      1200
     Trouser       0.98      0.95      0.97      1200
    Pullover       0.71      0.73      0.72      1200
       Dress       0.70      0.81      0.75      1200
        Coat       0.68      0.63      0.66      1200
      Sandal       0.89      0.93      0.91      1200
       Shirt       0.63      0.54      0.58      1200
     Sneaker       0.88      0.89      0.88      1200
         Bag       0.85      0.89      0.87      1200
  Ankle boot       0.92      0.93      0.92      1200

    accuracy                           0.81     12000
   macro avg       0.80      0.80      0.80     12000
weighted avg       0.80      0.81      0.80     12000

2025-11-25 17:15:15,896 - INFO - Parameters for SimpleECT_CNN run:
2025-11-25 17:15:15,897 - INFO -   Quantiles: [0.1, 0.3, 0.5, 0.7]
2025-11-25 17:15:15,897 - INFO -   Num Directions: 50
2025-11-25 17:15:15,897 - INFO -   Num Thresholds: 32
2025-11-25 17:15:15,897 - INFO - Feature matrix X shape: (10000, 8000)
2025-11-25 17:15:43,496 - INFO - Starting TDA+RandomForest training...
2025-11-25 17:15:48,530 - INFO - Evaluating RandomForest...
2025-11-25 17:15:48,687 - INFO - TDA+RandomForest Accuracy: 76.55 %
2025-11-25 17:15:48,694 - INFO - Random Forest Classification Report:
              precision    recall  f1-score   support

 T-shirt/top       0.75      0.74      0.74       189
     Trouser       0.98      0.93      0.95       205
    Pullover       0.70      0.71      0.71       203
       Dress       0.66      0.81      0.73       204
        Coat       0.63      0.55      0.59       195
      Sandal       0.87      0.85      0.86       198
       Shirt       0.60      0.50      0.55       204
     Sneaker       0.79      0.86      0.82       204
         Bag       0.79      0.84      0.81       198
  Ankle boot       0.88      0.86      0.87       200

    accuracy                           0.77      2000
   macro avg       0.76      0.76      0.76      2000
weighted avg       0.76      0.77      0.76      2000

2025-11-26 14:31:06,418 - INFO - ==================================================
2025-11-26 14:31:06,418 - INFO - NEW TRAINING RUN STARTED
2025-11-26 14:31:06,418 - INFO - ==================================================
2025-11-26 14:37:55,608 - INFO - Parameters for SimpleECT_CNN run:
2025-11-26 14:37:55,608 - INFO -   Quantiles: [0.1, 0.3, 0.5, 0.7]
2025-11-26 14:37:55,608 - INFO -   Num Directions: 50
2025-11-26 14:37:55,608 - INFO -   Num Thresholds: 32
2025-11-26 14:37:55,608 - INFO - Feature matrix X shape: (10000, 8000)
2025-11-26 14:38:07,345 - INFO - Starting TDA+RandomForest training...
2025-11-26 14:38:12,695 - INFO - Evaluating RandomForest...
2025-11-26 14:38:12,861 - INFO - TDA+RandomForest Accuracy: 76.55 %
2025-11-26 14:38:12,861 - INFO - Random Forest Classification Report:
              precision    recall  f1-score   support

 T-shirt/top       0.75      0.74      0.74       189
     Trouser       0.98      0.93      0.95       205
    Pullover       0.70      0.71      0.71       203
       Dress       0.66      0.81      0.73       204
        Coat       0.63      0.55      0.59       195
      Sandal       0.87      0.85      0.86       198
       Shirt       0.60      0.50      0.55       204
     Sneaker       0.79      0.86      0.82       204
         Bag       0.79      0.84      0.81       198
  Ankle boot       0.88      0.86      0.87       200

    accuracy                           0.77      2000
   macro avg       0.76      0.76      0.76      2000
weighted avg       0.76      0.77      0.76      2000

2025-11-26 14:39:41,639 - INFO -   Num Epochs: 30
2025-11-26 14:39:41,639 - INFO -   Learning Rate: 0.001
2025-11-26 14:39:41,639 - INFO - Starting SimpleECT_CNN training...
2025-11-26 14:39:43,488 - INFO - Epoch [1/30], Loss: 1.5601
2025-11-26 14:39:44,847 - INFO - Epoch [2/30], Loss: 0.7770
2025-11-26 14:39:46,213 - INFO - Epoch [3/30], Loss: 0.6261
2025-11-26 14:39:47,580 - INFO - Epoch [4/30], Loss: 0.5406
2025-11-26 14:39:49,048 - INFO - Epoch [5/30], Loss: 0.4694
2025-11-26 14:39:50,662 - INFO - Epoch [6/30], Loss: 0.4397
2025-11-26 14:39:52,437 - INFO - Epoch [7/30], Loss: 0.4052
2025-11-26 14:39:53,931 - INFO - Epoch [8/30], Loss: 0.3575
2025-11-26 14:39:55,560 - INFO - Epoch [9/30], Loss: 0.3410
2025-11-26 14:39:57,236 - INFO - Epoch [10/30], Loss: 0.3204
2025-11-26 14:39:58,843 - INFO - Epoch [11/30], Loss: 0.2994
2025-11-26 14:40:00,536 - INFO - Epoch [12/30], Loss: 0.2821
2025-11-26 14:40:02,135 - INFO - Epoch [13/30], Loss: 0.2684
2025-11-26 14:40:03,607 - INFO - Epoch [14/30], Loss: 0.2401
2025-11-26 14:40:04,982 - INFO - Epoch [15/30], Loss: 0.2379
2025-11-26 14:40:06,720 - INFO - Epoch [16/30], Loss: 0.1991
2025-11-26 14:40:08,367 - INFO - Epoch [17/30], Loss: 0.1891
2025-11-26 14:40:10,057 - INFO - Epoch [18/30], Loss: 0.1802
2025-11-26 14:40:11,915 - INFO - Epoch [19/30], Loss: 0.1698
2025-11-26 14:40:13,791 - INFO - Epoch [20/30], Loss: 0.1495
2025-11-26 14:40:15,688 - INFO - Epoch [21/30], Loss: 0.1441
2025-11-26 14:40:17,519 - INFO - Epoch [22/30], Loss: 0.1422
2025-11-26 14:40:19,234 - INFO - Epoch [23/30], Loss: 0.1303
2025-11-26 14:40:20,694 - INFO - Epoch [24/30], Loss: 0.1111
2025-11-26 14:40:22,217 - INFO - Epoch [25/30], Loss: 0.1005
2025-11-26 14:40:23,882 - INFO - Epoch [26/30], Loss: 0.0964
2025-11-26 14:40:25,432 - INFO - Epoch [27/30], Loss: 0.1136
2025-11-26 14:40:26,919 - INFO - Epoch [28/30], Loss: 0.0811
2025-11-26 14:40:28,734 - INFO - Epoch [29/30], Loss: 0.0699
2025-11-26 14:40:30,444 - INFO - Epoch [30/30], Loss: 0.0630
2025-11-26 14:40:30,444 - INFO - Finished SimpleECT_CNN training.
2025-11-26 14:40:30,660 - INFO - Overall Test Accuracy: 84.30 %
2025-11-26 14:40:30,860 - INFO - Accuracy by class:
  Accuracy of T-shirt/top: 79.89 %
  Accuracy of Trouser    : 95.61 %
  Accuracy of Pullover   : 79.31 %
  Accuracy of Dress      : 86.76 %
  Accuracy of Coat       : 70.77 %
  Accuracy of Sandal     : 94.95 %
  Accuracy of Shirt      : 54.41 %
  Accuracy of Sneaker    : 95.59 %
  Accuracy of Bag        : 94.95 %
  Accuracy of Ankle boot : 90.50 %
2025-11-26 14:40:30,860 - INFO - ==================================================

2025-11-26 14:49:52,498 - INFO - Parameters for SimpleECT_CNN run:
2025-11-26 14:49:52,506 - INFO -   Quantiles: [0.1, 0.3, 0.5, 0.7]
2025-11-26 14:49:52,506 - INFO -   Num Directions: 50
2025-11-26 14:49:52,506 - INFO -   Num Thresholds: 32
2025-11-26 14:49:52,506 - INFO - Feature matrix X shape: (60000, 8000)
2025-11-26 14:50:29,041 - INFO - Starting TDA+RandomForest training...
2025-11-26 14:51:10,094 - INFO - Evaluating RandomForest...
2025-11-26 14:51:11,419 - INFO - TDA+RandomForest Accuracy: 80.68 %
2025-11-26 14:51:11,453 - INFO - Random Forest Classification Report:
              precision    recall  f1-score   support

 T-shirt/top       0.79      0.77      0.78      1200
     Trouser       0.99      0.94      0.96      1200
    Pullover       0.71      0.75      0.73      1200
       Dress       0.71      0.82      0.77      1200
        Coat       0.69      0.64      0.67      1200
      Sandal       0.90      0.91      0.90      1200
       Shirt       0.63      0.52      0.57      1200
     Sneaker       0.87      0.89      0.88      1200
         Bag       0.84      0.88      0.86      1200
  Ankle boot       0.91      0.93      0.92      1200

    accuracy                           0.81     12000
   macro avg       0.80      0.81      0.80     12000
weighted avg       0.80      0.81      0.80     12000

2025-11-26 14:51:11,778 - INFO -   Num Epochs: 30
2025-11-26 14:51:11,778 - INFO -   Learning Rate: 0.001
2025-11-26 14:51:11,778 - INFO - Starting SimpleECT_CNN training...
2025-11-26 14:51:21,658 - INFO - Epoch [1/30], Loss: 0.7881
2025-11-26 14:51:30,785 - INFO - Epoch [2/30], Loss: 0.4197
2025-11-26 14:51:40,040 - INFO - Epoch [3/30], Loss: 0.3612
2025-11-26 14:51:51,029 - INFO - Epoch [4/30], Loss: 0.3253
2025-11-26 14:52:01,990 - INFO - Epoch [5/30], Loss: 0.3072
2025-11-26 14:52:10,996 - INFO - Epoch [6/30], Loss: 0.2854
2025-11-26 14:52:21,874 - INFO - Epoch [7/30], Loss: 0.2670
2025-11-26 14:52:33,540 - INFO - Epoch [8/30], Loss: 0.2532
2025-11-26 14:52:42,832 - INFO - Epoch [9/30], Loss: 0.2431
2025-11-26 14:52:50,694 - INFO - Epoch [10/30], Loss: 0.2346
2025-11-26 14:52:59,517 - INFO - Epoch [11/30], Loss: 0.2207
2025-11-26 14:53:11,172 - INFO - Epoch [12/30], Loss: 0.2111
2025-11-26 14:53:23,119 - INFO - Epoch [13/30], Loss: 0.1982
2025-11-26 14:53:33,527 - INFO - Epoch [14/30], Loss: 0.1920
2025-11-26 14:53:44,039 - INFO - Epoch [15/30], Loss: 0.1801
2025-11-26 14:53:54,889 - INFO - Epoch [16/30], Loss: 0.1701
2025-11-26 14:54:05,373 - INFO - Epoch [17/30], Loss: 0.1624
2025-11-26 14:54:14,956 - INFO - Epoch [18/30], Loss: 0.1573
2025-11-26 14:54:26,731 - INFO - Epoch [19/30], Loss: 0.1497
2025-11-26 14:54:35,951 - INFO - Epoch [20/30], Loss: 0.1385
2025-11-26 14:54:45,258 - INFO - Epoch [21/30], Loss: 0.1389
2025-11-26 14:54:54,230 - INFO - Epoch [22/30], Loss: 0.1339
2025-11-26 14:55:03,133 - INFO - Epoch [23/30], Loss: 0.1243
2025-11-26 14:55:13,325 - INFO - Epoch [24/30], Loss: 0.1221
2025-11-26 14:55:23,455 - INFO - Epoch [25/30], Loss: 0.1116
2025-11-26 14:55:32,528 - INFO - Epoch [26/30], Loss: 0.1104
2025-11-26 14:55:42,469 - INFO - Epoch [27/30], Loss: 0.1129
2025-11-26 14:55:52,615 - INFO - Epoch [28/30], Loss: 0.1015
2025-11-26 14:56:02,945 - INFO - Epoch [29/30], Loss: 0.0977
2025-11-26 14:56:12,426 - INFO - Epoch [30/30], Loss: 0.0965
2025-11-26 14:56:12,426 - INFO - Finished SimpleECT_CNN training.
2025-11-26 14:56:13,592 - INFO - Overall Test Accuracy: 88.13 %
2025-11-26 14:56:14,925 - INFO - Accuracy by class:
  Accuracy of T-shirt/top: 85.75 %
  Accuracy of Trouser    : 97.83 %
  Accuracy of Pullover   : 82.58 %
  Accuracy of Dress      : 87.42 %
  Accuracy of Coat       : 79.42 %
  Accuracy of Sandal     : 96.92 %
  Accuracy of Shirt      : 64.92 %
  Accuracy of Sneaker    : 94.42 %
  Accuracy of Bag        : 97.33 %
  Accuracy of Ankle boot : 94.75 %
2025-11-26 14:56:14,925 - INFO - ==================================================

2025-11-26 17:54:34,975 - INFO - ==================================================
2025-11-26 17:54:34,981 - INFO - NEW TRAINING RUN STARTED
2025-11-26 17:54:34,981 - INFO - ==================================================
2025-11-26 17:54:35,074 - INFO - ==================================================
2025-11-26 17:54:35,074 - INFO - NEW TRAINING RUN STARTED
2025-11-26 17:54:35,074 - INFO - ==================================================
2025-11-26 18:04:24,734 - INFO - Parameters for SimpleECT_CNN run:
2025-11-26 18:04:24,735 - INFO -   Quantiles: [0.1, 0.3, 0.5, 0.7]
2025-11-26 18:04:24,735 - INFO -   Num Directions: 50
2025-11-26 18:04:24,736 - INFO -   Num Thresholds: 32
2025-11-26 18:04:24,736 - INFO - Feature matrix X shape: (10000, 6400)
2025-11-26 18:04:34,682 - INFO - Starting TDA+RandomForest training...
2025-11-26 18:04:40,128 - INFO - Evaluating RandomForest...
2025-11-26 18:04:40,261 - INFO - TDA+RandomForest Accuracy: 63.55 %
2025-11-26 18:04:40,262 - INFO - Random Forest Classification Report:
              precision    recall  f1-score   support

 T-shirt/top       0.64      0.52      0.58       189
     Trouser       0.93      0.85      0.89       205
    Pullover       0.54      0.59      0.56       203
       Dress       0.65      0.63      0.64       204
        Coat       0.57      0.48      0.52       195
      Sandal       0.55      0.73      0.63       198
       Shirt       0.41      0.41      0.41       204
     Sneaker       0.67      0.68      0.67       204
         Bag       0.66      0.67      0.67       198
  Ankle boot       0.78      0.78      0.78       200

    accuracy                           0.64      2000
   macro avg       0.64      0.63      0.64      2000
weighted avg       0.64      0.64      0.64      2000

2025-11-26 18:05:11,342 - INFO -   Num Epochs: 30
2025-11-26 18:05:11,344 - INFO -   Learning Rate: 0.001
2025-11-26 18:05:11,344 - INFO - Starting SimpleECT_CNN training...
2025-11-26 18:05:39,366 - INFO -   Num Epochs: 30
2025-11-26 18:05:39,366 - INFO -   Learning Rate: 0.001
2025-11-26 18:05:39,367 - INFO - Starting SimpleECT_CNN training...
2025-11-26 18:05:41,151 - INFO - Epoch [1/30], Loss: 1.6016
2025-11-26 18:05:42,684 - INFO - Epoch [2/30], Loss: 0.9234
2025-11-26 18:05:44,367 - INFO - Epoch [3/30], Loss: 0.7569
2025-11-26 18:05:46,266 - INFO - Epoch [4/30], Loss: 0.6790
2025-11-26 18:05:48,433 - INFO - Epoch [5/30], Loss: 0.6302
2025-11-26 18:05:54,478 - INFO - Epoch [6/30], Loss: 0.5750
2025-11-26 18:06:00,713 - INFO - Epoch [7/30], Loss: 0.5259
2025-11-26 18:06:06,791 - INFO - Epoch [8/30], Loss: 0.5159
2025-11-26 18:06:13,716 - INFO - Epoch [9/30], Loss: 0.4707
2025-11-26 18:06:18,433 - INFO - Epoch [10/30], Loss: 0.4396
2025-11-26 18:06:24,248 - INFO - Epoch [11/30], Loss: 0.4230
2025-11-26 18:06:29,637 - INFO - Epoch [12/30], Loss: 0.3900
2025-11-26 18:06:34,008 - INFO - Epoch [13/30], Loss: 0.3687
2025-11-26 18:06:39,562 - INFO - Epoch [14/30], Loss: 0.3474
2025-11-26 18:06:45,719 - INFO - Epoch [15/30], Loss: 0.3127
2025-11-26 18:06:50,215 - INFO - Epoch [16/30], Loss: 0.2972
2025-11-26 18:06:51,802 - INFO - Epoch [17/30], Loss: 0.2722
2025-11-26 18:06:53,353 - INFO - Epoch [18/30], Loss: 0.2481
2025-11-26 18:06:55,052 - INFO - Epoch [19/30], Loss: 0.2256
2025-11-26 18:06:56,512 - INFO - Epoch [20/30], Loss: 0.2131
2025-11-26 18:06:58,066 - INFO - Epoch [21/30], Loss: 0.1951
2025-11-26 18:06:59,501 - INFO - Epoch [22/30], Loss: 0.2109
2025-11-26 18:07:00,849 - INFO - Epoch [23/30], Loss: 0.1973
2025-11-26 18:07:02,338 - INFO - Epoch [24/30], Loss: 0.1649
2025-11-26 18:07:04,012 - INFO - Epoch [25/30], Loss: 0.1468
2025-11-26 18:07:05,716 - INFO - Epoch [26/30], Loss: 0.1274
2025-11-26 18:07:07,595 - INFO - Epoch [27/30], Loss: 0.1185
2025-11-26 18:07:09,569 - INFO - Epoch [28/30], Loss: 0.1180
2025-11-26 18:07:11,383 - INFO - Epoch [29/30], Loss: 0.1056
2025-11-26 18:07:13,184 - INFO - Epoch [30/30], Loss: 0.0910
2025-11-26 18:07:13,185 - INFO - Finished SimpleECT_CNN training.
2025-11-26 18:07:13,413 - INFO - Overall Test Accuracy: 75.55 %
2025-11-26 18:07:13,660 - INFO - Accuracy by class:
  Accuracy of T-shirt/top: 64.02 %
  Accuracy of Trouser    : 91.22 %
  Accuracy of Pullover   : 64.04 %
  Accuracy of Dress      : 66.67 %
  Accuracy of Coat       : 67.18 %
  Accuracy of Sandal     : 80.30 %
  Accuracy of Shirt      : 61.27 %
  Accuracy of Sneaker    : 83.33 %
  Accuracy of Bag        : 87.88 %
  Accuracy of Ankle boot : 89.00 %
2025-11-26 18:07:13,660 - INFO - ==================================================

2025-11-26 18:08:59,511 - INFO - ==================================================
2025-11-26 18:08:59,511 - INFO - NEW TRAINING RUN STARTED
2025-11-26 18:08:59,511 - INFO - ==================================================
2025-11-26 18:14:19,647 - INFO - Parameters for SimpleECT_CNN run:
2025-11-26 18:14:19,647 - INFO -   Quantiles: [0.1, 0.3, 0.5, 0.7]
2025-11-26 18:14:40,440 - INFO - Parameters for SimpleECT_CNN run:
2025-11-26 18:14:40,441 - INFO -   Quantiles: [0.1, 0.3, 0.5, 0.7]
2025-11-26 18:14:40,441 - INFO -   Num Directions: 50
2025-11-26 18:14:40,441 - INFO -   Num Thresholds: 32
2025-11-26 18:14:40,441 - INFO - Feature matrix X shape: (10000, 2048)
2025-11-26 18:14:50,478 - INFO - Starting TDA+RandomForest training...
2025-11-26 18:14:52,870 - INFO - Evaluating RandomForest...
2025-11-26 18:14:52,926 - INFO - TDA+RandomForest Accuracy: 75.10 %
2025-11-26 18:14:52,926 - INFO - Random Forest Classification Report:
              precision    recall  f1-score   support

 T-shirt/top       0.75      0.70      0.72       189
     Trouser       0.97      0.92      0.95       205
    Pullover       0.65      0.67      0.66       203
       Dress       0.63      0.77      0.69       204
        Coat       0.61      0.56      0.58       195
      Sandal       0.84      0.84      0.84       198
       Shirt       0.58      0.48      0.53       204
     Sneaker       0.81      0.89      0.85       204
         Bag       0.78      0.79      0.79       198
  Ankle boot       0.89      0.89      0.89       200

    accuracy                           0.75      2000
   macro avg       0.75      0.75      0.75      2000
weighted avg       0.75      0.75      0.75      2000

2025-11-26 18:16:42,748 - INFO -   Num Epochs: 30
2025-11-26 18:16:42,748 - INFO -   Learning Rate: 0.001
2025-11-26 18:16:42,748 - INFO - Starting SimpleECT_CNN training...
2025-11-26 18:16:43,984 - INFO - Epoch [1/30], Loss: 1.6860
2025-11-26 18:16:45,273 - INFO - Epoch [2/30], Loss: 0.9628
2025-11-26 18:16:46,641 - INFO - Epoch [3/30], Loss: 0.7733
2025-11-26 18:16:47,884 - INFO - Epoch [4/30], Loss: 0.7043
2025-11-26 18:16:49,008 - INFO - Epoch [5/30], Loss: 0.6431
2025-11-26 18:16:49,852 - INFO - Epoch [6/30], Loss: 0.5857
2025-11-26 18:16:50,684 - INFO - Epoch [7/30], Loss: 0.5493
2025-11-26 18:16:51,446 - INFO - Epoch [8/30], Loss: 0.5283
2025-11-26 18:16:52,269 - INFO - Epoch [9/30], Loss: 0.4948
2025-11-26 18:16:52,930 - INFO - Epoch [10/30], Loss: 0.4606
2025-11-26 18:16:53,785 - INFO - Epoch [11/30], Loss: 0.4447
2025-11-26 18:16:54,704 - INFO - Epoch [12/30], Loss: 0.4324
2025-11-26 18:16:55,810 - INFO - Epoch [13/30], Loss: 0.4079
2025-11-26 18:16:56,878 - INFO - Epoch [14/30], Loss: 0.3890
2025-11-26 18:16:57,930 - INFO - Epoch [15/30], Loss: 0.3709
2025-11-26 18:16:59,348 - INFO - Epoch [16/30], Loss: 0.3601
2025-11-26 18:17:01,879 - INFO - Epoch [17/30], Loss: 0.3410
2025-11-26 18:17:06,916 - INFO - Epoch [18/30], Loss: 0.3229
2025-11-26 18:17:12,175 - INFO - Epoch [19/30], Loss: 0.3200
2025-11-26 18:17:17,517 - INFO - Epoch [20/30], Loss: 0.3046
2025-11-26 18:17:22,336 - INFO - Epoch [21/30], Loss: 0.2915
2025-11-26 18:17:26,298 - INFO - Epoch [22/30], Loss: 0.2776
2025-11-26 18:17:27,548 - INFO - Epoch [23/30], Loss: 0.2708
2025-11-26 18:17:28,669 - INFO - Epoch [24/30], Loss: 0.2583
2025-11-26 18:17:29,994 - INFO - Epoch [25/30], Loss: 0.2423
2025-11-26 18:17:31,149 - INFO - Epoch [26/30], Loss: 0.2286
2025-11-26 18:17:32,199 - INFO - Epoch [27/30], Loss: 0.2200
2025-11-26 18:17:33,422 - INFO - Epoch [28/30], Loss: 0.2138
2025-11-26 18:17:34,568 - INFO - Epoch [29/30], Loss: 0.2022
2025-11-26 18:17:35,873 - INFO - Epoch [30/30], Loss: 0.1960
2025-11-26 18:17:35,879 - INFO - Finished SimpleECT_CNN training.
2025-11-26 18:17:36,004 - INFO - Overall Test Accuracy: 80.80 %
2025-11-26 18:17:36,131 - INFO - Accuracy by class:
  Accuracy of T-shirt/top: 72.49 %
  Accuracy of Trouser    : 93.17 %
  Accuracy of Pullover   : 71.92 %
  Accuracy of Dress      : 88.73 %
  Accuracy of Coat       : 67.18 %
  Accuracy of Sandal     : 93.43 %
  Accuracy of Shirt      : 50.49 %
  Accuracy of Sneaker    : 88.24 %
  Accuracy of Bag        : 90.40 %
  Accuracy of Ankle boot : 91.50 %
2025-11-26 18:17:36,131 - INFO - ==================================================

2025-11-26 19:18:31,107 - INFO - ==================================================
2025-11-26 19:18:31,107 - INFO - NEW TRAINING RUN STARTED
2025-11-26 19:18:31,107 - INFO - ==================================================
2025-11-26 19:22:21,405 - INFO - Parameters for SimpleECT_CNN run:
2025-11-26 19:22:21,405 - INFO -   Quantiles: [0.1, 0.3, 0.5, 0.7]
2025-11-26 19:22:21,405 - INFO -   Num Directions: 64
2025-11-26 19:22:21,405 - INFO -   Num Thresholds: 32
2025-11-26 19:22:21,405 - INFO - Feature matrix X shape: (10000, 8192)
2025-11-26 19:22:36,831 - INFO - Starting TDA+RandomForest training...
2025-11-26 19:22:42,037 - INFO - Evaluating RandomForest...
2025-11-26 19:22:42,188 - INFO - TDA+RandomForest Accuracy: 76.85 %
2025-11-26 19:22:42,188 - INFO - Random Forest Classification Report:
              precision    recall  f1-score   support

 T-shirt/top       0.75      0.75      0.75       189
     Trouser       0.98      0.93      0.95       205
    Pullover       0.68      0.71      0.70       203
       Dress       0.66      0.79      0.72       204
        Coat       0.62      0.54      0.58       195
      Sandal       0.86      0.86      0.86       198
       Shirt       0.58      0.48      0.52       204
     Sneaker       0.80      0.90      0.85       204
         Bag       0.81      0.82      0.82       198
  Ankle boot       0.91      0.90      0.90       200

    accuracy                           0.77      2000
   macro avg       0.77      0.77      0.77      2000
weighted avg       0.77      0.77      0.77      2000

2025-11-26 19:22:44,815 - INFO -   Num Epochs: 30
2025-11-26 19:22:44,815 - INFO -   Learning Rate: 0.001
2025-11-26 19:22:44,816 - INFO - Starting SimpleECT_CNN training...
2025-11-26 19:22:46,976 - INFO - Epoch [1/30], Loss: 1.3592
2025-11-26 19:22:49,018 - INFO - Epoch [2/30], Loss: 0.6852
2025-11-26 19:22:50,989 - INFO - Epoch [3/30], Loss: 0.5339
2025-11-26 19:22:52,904 - INFO - Epoch [4/30], Loss: 0.4557
2025-11-26 19:22:54,770 - INFO - Epoch [5/30], Loss: 0.4027
2025-11-26 19:22:57,054 - INFO - Epoch [6/30], Loss: 0.3719
2025-11-26 19:22:59,320 - INFO - Epoch [7/30], Loss: 0.3351
2025-11-26 19:23:01,473 - INFO - Epoch [8/30], Loss: 0.3043
2025-11-26 19:23:03,539 - INFO - Epoch [9/30], Loss: 0.2766
2025-11-26 19:23:05,659 - INFO - Epoch [10/30], Loss: 0.2482
2025-11-26 19:23:07,547 - INFO - Epoch [11/30], Loss: 0.2326
2025-11-26 19:23:09,383 - INFO - Epoch [12/30], Loss: 0.2165
2025-11-26 19:23:11,526 - INFO - Epoch [13/30], Loss: 0.2126
2025-11-26 19:23:13,622 - INFO - Epoch [14/30], Loss: 0.1867
2025-11-26 19:23:15,556 - INFO - Epoch [15/30], Loss: 0.1729
2025-11-26 19:23:17,419 - INFO - Epoch [16/30], Loss: 0.1594
2025-11-26 19:23:19,308 - INFO - Epoch [17/30], Loss: 0.1608
2025-11-26 19:23:21,299 - INFO - Epoch [18/30], Loss: 0.1231
2025-11-26 19:23:23,324 - INFO - Epoch [19/30], Loss: 0.1175
2025-11-26 19:23:25,238 - INFO - Epoch [20/30], Loss: 0.1010
2025-11-26 19:23:27,403 - INFO - Epoch [21/30], Loss: 0.0923
2025-11-26 19:23:29,499 - INFO - Epoch [22/30], Loss: 0.0899
2025-11-26 19:23:31,399 - INFO - Epoch [23/30], Loss: 0.0789
2025-11-26 19:23:33,192 - INFO - Epoch [24/30], Loss: 0.0763
2025-11-26 19:23:35,204 - INFO - Epoch [25/30], Loss: 0.0659
2025-11-26 19:23:37,164 - INFO - Epoch [26/30], Loss: 0.0577
2025-11-26 19:23:39,065 - INFO - Epoch [27/30], Loss: 0.0479
2025-11-26 19:23:41,075 - INFO - Epoch [28/30], Loss: 0.0344
2025-11-26 19:23:43,165 - INFO - Epoch [29/30], Loss: 0.0309
2025-11-26 19:23:45,025 - INFO - Epoch [30/30], Loss: 0.0272
2025-11-26 19:23:45,025 - INFO - Finished SimpleECT_CNN training.
2025-11-26 19:23:45,228 - INFO - Overall Test Accuracy: 84.90 %
2025-11-26 19:23:45,455 - INFO - Accuracy by class:
  Accuracy of T-shirt/top: 84.13 %
  Accuracy of Trouser    : 95.12 %
  Accuracy of Pullover   : 78.33 %
  Accuracy of Dress      : 89.71 %
  Accuracy of Coat       : 66.67 %
  Accuracy of Sandal     : 91.92 %
  Accuracy of Shirt      : 60.78 %
  Accuracy of Sneaker    : 93.63 %
  Accuracy of Bag        : 95.45 %
  Accuracy of Ankle boot : 93.00 %
2025-11-26 19:23:45,455 - INFO - ==================================================

2025-11-26 19:28:06,113 - INFO - Parameters for SimpleECT_CNN run:
2025-11-26 19:28:06,114 - INFO -   Quantiles: [0.1, 0.3, 0.5, 0.7]
2025-11-26 19:28:06,114 - INFO -   Num Directions: 48
2025-11-26 19:28:06,114 - INFO -   Num Thresholds: 32
2025-11-26 19:28:06,114 - INFO - Feature matrix X shape: (10000, 6144)
2025-11-26 19:28:10,989 - INFO - Starting TDA+RandomForest training...
2025-11-26 19:28:15,857 - INFO - Evaluating RandomForest...
2025-11-26 19:28:15,982 - INFO - TDA+RandomForest Accuracy: 76.65 %
2025-11-26 19:28:15,984 - INFO - Random Forest Classification Report:
              precision    recall  f1-score   support

 T-shirt/top       0.78      0.75      0.76       189
     Trouser       0.97      0.92      0.95       205
    Pullover       0.67      0.71      0.69       203
       Dress       0.65      0.78      0.71       204
        Coat       0.64      0.56      0.60       195
      Sandal       0.87      0.85      0.86       198
       Shirt       0.57      0.51      0.54       204
     Sneaker       0.81      0.89      0.85       204
         Bag       0.81      0.82      0.81       198
  Ankle boot       0.91      0.87      0.89       200

    accuracy                           0.77      2000
   macro avg       0.77      0.77      0.77      2000
weighted avg       0.77      0.77      0.77      2000

2025-11-26 19:28:16,081 - INFO -   Num Epochs: 30
2025-11-26 19:28:16,081 - INFO -   Learning Rate: 0.001
2025-11-26 19:28:16,081 - INFO - Starting SimpleECT_CNN training...
2025-11-26 19:28:17,553 - INFO - Epoch [1/30], Loss: 1.4875
2025-11-26 19:28:19,353 - INFO - Epoch [2/30], Loss: 0.7356
2025-11-26 19:28:21,244 - INFO - Epoch [3/30], Loss: 0.5745
2025-11-26 19:28:23,052 - INFO - Epoch [4/30], Loss: 0.5119
2025-11-26 19:28:25,193 - INFO - Epoch [5/30], Loss: 0.4477
2025-11-26 19:28:26,900 - INFO - Epoch [6/30], Loss: 0.4123
2025-11-26 19:28:28,804 - INFO - Epoch [7/30], Loss: 0.3618
2025-11-26 19:28:30,726 - INFO - Epoch [8/30], Loss: 0.3646
2025-11-26 19:28:32,885 - INFO - Epoch [9/30], Loss: 0.3099
2025-11-26 19:28:34,914 - INFO - Epoch [10/30], Loss: 0.2941
2025-11-26 19:28:36,706 - INFO - Epoch [11/30], Loss: 0.2671
2025-11-26 19:28:38,274 - INFO - Epoch [12/30], Loss: 0.2427
2025-11-26 19:28:39,897 - INFO - Epoch [13/30], Loss: 0.2228
2025-11-26 19:28:41,580 - INFO - Epoch [14/30], Loss: 0.1994
2025-11-26 19:28:43,554 - INFO - Epoch [15/30], Loss: 0.1905
2025-11-26 19:28:45,663 - INFO - Epoch [16/30], Loss: 0.1669
2025-11-26 19:28:47,693 - INFO - Epoch [17/30], Loss: 0.1558
2025-11-26 19:28:49,694 - INFO - Epoch [18/30], Loss: 0.1544
2025-11-26 19:28:51,636 - INFO - Epoch [19/30], Loss: 0.1392
2025-11-26 19:28:53,626 - INFO - Epoch [20/30], Loss: 0.1212
2025-11-26 19:28:55,378 - INFO - Epoch [21/30], Loss: 0.1112
2025-11-26 19:28:57,296 - INFO - Epoch [22/30], Loss: 0.1128
2025-11-26 19:28:59,042 - INFO - Epoch [23/30], Loss: 0.0854
2025-11-26 19:29:00,833 - INFO - Epoch [24/30], Loss: 0.0739
2025-11-26 19:29:03,007 - INFO - Epoch [25/30], Loss: 0.0701
2025-11-26 19:29:05,215 - INFO - Epoch [26/30], Loss: 0.0664
2025-11-26 19:29:07,768 - INFO - Epoch [27/30], Loss: 0.0578
2025-11-26 19:29:09,997 - INFO - Epoch [28/30], Loss: 0.0513
2025-11-26 19:29:11,672 - INFO - Epoch [29/30], Loss: 0.0503
2025-11-26 19:29:13,455 - INFO - Epoch [30/30], Loss: 0.0557
2025-11-26 19:29:13,455 - INFO - Finished SimpleECT_CNN training.
2025-11-26 19:29:13,666 - INFO - Overall Test Accuracy: 84.45 %
2025-11-26 19:29:13,855 - INFO - Accuracy by class:
  Accuracy of T-shirt/top: 79.89 %
  Accuracy of Trouser    : 94.63 %
  Accuracy of Pullover   : 76.85 %
  Accuracy of Dress      : 90.69 %
  Accuracy of Coat       : 74.36 %
  Accuracy of Sandal     : 92.93 %
  Accuracy of Shirt      : 50.49 %
  Accuracy of Sneaker    : 93.14 %
  Accuracy of Bag        : 97.47 %
  Accuracy of Ankle boot : 94.00 %
2025-11-26 19:29:13,855 - INFO - ==================================================

2025-11-26 19:34:10,639 - INFO - Parameters for SimpleECT_CNN run:
2025-11-26 19:34:10,639 - INFO -   Quantiles: [0.1, 0.3, 0.5, 0.7]
2025-11-26 19:34:10,639 - INFO -   Num Directions: 48
2025-11-26 19:34:10,639 - INFO -   Num Thresholds: 48
2025-11-26 19:34:10,639 - INFO - Feature matrix X shape: (10000, 9216)
2025-11-26 19:34:12,323 - INFO - Starting TDA+RandomForest training...
2025-11-26 19:34:18,324 - INFO - Evaluating RandomForest...
2025-11-26 19:34:18,532 - INFO - TDA+RandomForest Accuracy: 76.75 %
2025-11-26 19:34:18,539 - INFO - Random Forest Classification Report:
              precision    recall  f1-score   support

 T-shirt/top       0.75      0.73      0.74       189
     Trouser       0.97      0.92      0.94       205
    Pullover       0.71      0.71      0.71       203
       Dress       0.65      0.78      0.71       204
        Coat       0.61      0.56      0.59       195
      Sandal       0.87      0.86      0.86       198
       Shirt       0.58      0.49      0.53       204
     Sneaker       0.81      0.89      0.85       204
         Bag       0.82      0.82      0.82       198
  Ankle boot       0.88      0.90      0.89       200

    accuracy                           0.77      2000
   macro avg       0.77      0.77      0.77      2000
weighted avg       0.77      0.77      0.77      2000

2025-11-26 19:34:20,321 - INFO -   Num Epochs: 30
2025-11-26 19:34:20,321 - INFO -   Learning Rate: 0.001
2025-11-26 19:34:20,321 - INFO - Starting SimpleECT_CNN training...
2025-11-26 19:34:22,414 - INFO - Epoch [1/30], Loss: 1.3171
2025-11-26 19:34:24,525 - INFO - Epoch [2/30], Loss: 0.6810
2025-11-26 19:34:26,583 - INFO - Epoch [3/30], Loss: 0.5243
2025-11-26 19:34:28,803 - INFO - Epoch [4/30], Loss: 0.4427
2025-11-26 19:34:31,239 - INFO - Epoch [5/30], Loss: 0.3799
2025-11-26 19:34:33,506 - INFO - Epoch [6/30], Loss: 0.3349
2025-11-26 19:34:35,560 - INFO - Epoch [7/30], Loss: 0.3057
2025-11-26 19:34:37,786 - INFO - Epoch [8/30], Loss: 0.2628
2025-11-26 19:34:39,972 - INFO - Epoch [9/30], Loss: 0.2428
2025-11-26 19:34:42,124 - INFO - Epoch [10/30], Loss: 0.2194
2025-11-26 19:34:44,588 - INFO - Epoch [11/30], Loss: 0.1988
2025-11-26 19:34:46,925 - INFO - Epoch [12/30], Loss: 0.1725
2025-11-26 19:34:49,355 - INFO - Epoch [13/30], Loss: 0.1488
2025-11-26 19:34:51,946 - INFO - Epoch [14/30], Loss: 0.1347
2025-11-26 19:34:54,111 - INFO - Epoch [15/30], Loss: 0.1322
2025-11-26 19:34:56,630 - INFO - Epoch [16/30], Loss: 0.1050
2025-11-26 19:34:59,213 - INFO - Epoch [17/30], Loss: 0.1006
2025-11-26 19:35:01,636 - INFO - Epoch [18/30], Loss: 0.0994
2025-11-26 19:35:04,038 - INFO - Epoch [19/30], Loss: 0.0694
2025-11-26 19:35:06,142 - INFO - Epoch [20/30], Loss: 0.0545
2025-11-26 19:35:08,379 - INFO - Epoch [21/30], Loss: 0.0440
2025-11-26 19:35:10,185 - INFO - Epoch [22/30], Loss: 0.0421
2025-11-26 19:35:12,107 - INFO - Epoch [23/30], Loss: 0.0414
2025-11-26 19:35:14,047 - INFO - Epoch [24/30], Loss: 0.0599
2025-11-26 19:35:16,023 - INFO - Epoch [25/30], Loss: 0.0798
2025-11-26 19:35:18,160 - INFO - Epoch [26/30], Loss: 0.0335
2025-11-26 19:35:20,349 - INFO - Epoch [27/30], Loss: 0.0241
2025-11-26 19:35:22,620 - INFO - Epoch [28/30], Loss: 0.0173
2025-11-26 19:35:24,875 - INFO - Epoch [29/30], Loss: 0.0145
2025-11-26 19:35:27,012 - INFO - Epoch [30/30], Loss: 0.0099
2025-11-26 19:35:27,012 - INFO - Finished SimpleECT_CNN training.
2025-11-26 19:35:27,214 - INFO - Overall Test Accuracy: 85.95 %
2025-11-26 19:35:27,462 - INFO - Accuracy by class:
  Accuracy of T-shirt/top: 75.13 %
  Accuracy of Trouser    : 95.61 %
  Accuracy of Pullover   : 80.79 %
  Accuracy of Dress      : 89.71 %
  Accuracy of Coat       : 72.82 %
  Accuracy of Sandal     : 93.94 %
  Accuracy of Shirt      : 65.20 %
  Accuracy of Sneaker    : 93.63 %
  Accuracy of Bag        : 96.46 %
  Accuracy of Ankle boot : 95.50 %
2025-11-26 19:35:27,462 - INFO - ==================================================

2025-11-26 19:45:11,485 - INFO - Parameters for SimpleECT_CNN run:
2025-11-26 19:45:11,486 - INFO -   Quantiles: [0.1, 0.3, 0.5, 0.7]
2025-11-26 19:45:11,486 - INFO -   Num Directions: 48
2025-11-26 19:45:11,486 - INFO -   Num Thresholds: 48
2025-11-26 19:45:11,486 - INFO - Feature matrix X shape: (60000, 9216)
2025-11-26 19:55:10,156 - INFO - Starting TDA+RandomForest training...
2025-11-26 19:55:55,574 - INFO - Evaluating RandomForest...
2025-11-26 19:55:57,537 - INFO - TDA+RandomForest Accuracy: 80.85 %
2025-11-26 19:55:57,571 - INFO - Random Forest Classification Report:
              precision    recall  f1-score   support

 T-shirt/top       0.78      0.77      0.78      1200
     Trouser       0.99      0.95      0.97      1200
    Pullover       0.72      0.75      0.73      1200
       Dress       0.70      0.81      0.75      1200
        Coat       0.69      0.64      0.66      1200
      Sandal       0.89      0.92      0.90      1200
       Shirt       0.64      0.53      0.58      1200
     Sneaker       0.88      0.90      0.89      1200
         Bag       0.86      0.89      0.87      1200
  Ankle boot       0.92      0.93      0.92      1200

    accuracy                           0.81     12000
   macro avg       0.81      0.81      0.81     12000
weighted avg       0.81      0.81      0.81     12000

2025-11-26 19:55:57,996 - INFO -   Num Epochs: 30
2025-11-26 19:55:57,996 - INFO -   Learning Rate: 0.001
2025-11-26 19:55:57,996 - INFO - Starting SimpleECT_CNN training...
2025-11-26 19:56:10,312 - INFO - Epoch [1/30], Loss: 0.7073
2025-11-26 19:56:22,698 - INFO - Epoch [2/30], Loss: 0.3963
2025-11-26 19:56:36,241 - INFO - Epoch [3/30], Loss: 0.3368
2025-11-26 19:56:49,826 - INFO - Epoch [4/30], Loss: 0.3046
2025-11-26 19:57:01,059 - INFO - Epoch [5/30], Loss: 0.2864
2025-11-26 19:57:13,209 - INFO - Epoch [6/30], Loss: 0.2609
2025-11-26 19:57:26,674 - INFO - Epoch [7/30], Loss: 0.2397
2025-11-26 19:57:38,361 - INFO - Epoch [8/30], Loss: 0.2212
2025-11-26 19:57:51,390 - INFO - Epoch [9/30], Loss: 0.2074
2025-11-26 19:58:03,547 - INFO - Epoch [10/30], Loss: 0.1925
2025-11-26 19:58:16,192 - INFO - Epoch [11/30], Loss: 0.1793
2025-11-26 19:58:30,116 - INFO - Epoch [12/30], Loss: 0.1683
2025-11-26 19:58:43,159 - INFO - Epoch [13/30], Loss: 0.1566
2025-11-26 19:58:55,334 - INFO - Epoch [14/30], Loss: 0.1451
2025-11-26 19:59:08,473 - INFO - Epoch [15/30], Loss: 0.1354
2025-11-26 19:59:21,752 - INFO - Epoch [16/30], Loss: 0.1240
2025-11-26 19:59:33,744 - INFO - Epoch [17/30], Loss: 0.1134
2025-11-26 19:59:45,157 - INFO - Epoch [18/30], Loss: 0.1068
2025-11-26 19:59:57,620 - INFO - Epoch [19/30], Loss: 0.0985
2025-11-26 20:00:10,050 - INFO - Epoch [20/30], Loss: 0.0891
2025-11-26 20:00:24,252 - INFO - Epoch [21/30], Loss: 0.0866
2025-11-26 20:00:37,032 - INFO - Epoch [22/30], Loss: 0.0821
2025-11-26 20:00:50,589 - INFO - Epoch [23/30], Loss: 0.0777
2025-11-26 20:01:03,583 - INFO - Epoch [24/30], Loss: 0.0775
2025-11-26 20:01:16,098 - INFO - Epoch [25/30], Loss: 0.0653
2025-11-26 20:01:29,318 - INFO - Epoch [26/30], Loss: 0.0684
2025-11-26 20:01:42,565 - INFO - Epoch [27/30], Loss: 0.0638
2025-11-26 20:01:57,509 - INFO - Epoch [28/30], Loss: 0.0546
2025-11-26 20:02:12,392 - INFO - Epoch [29/30], Loss: 0.0490
2025-11-26 20:02:25,263 - INFO - Epoch [30/30], Loss: 0.0519
2025-11-26 20:02:25,263 - INFO - Finished SimpleECT_CNN training.
2025-11-26 20:02:26,660 - INFO - Overall Test Accuracy: 88.05 %
2025-11-26 20:02:28,120 - INFO - Accuracy by class:
  Accuracy of T-shirt/top: 81.00 %
  Accuracy of Trouser    : 98.00 %
  Accuracy of Pullover   : 82.83 %
  Accuracy of Dress      : 87.50 %
  Accuracy of Coat       : 74.92 %
  Accuracy of Sandal     : 96.25 %
  Accuracy of Shirt      : 70.58 %
  Accuracy of Sneaker    : 97.83 %
  Accuracy of Bag        : 98.08 %
  Accuracy of Ankle boot : 93.50 %
2025-11-26 20:02:28,120 - INFO - ==================================================

2025-11-27 20:20:28,777 - INFO - ==================================================
2025-11-27 20:20:28,778 - INFO - NEW TRAINING RUN STARTED
2025-11-27 20:20:28,778 - INFO - ==================================================
2025-11-27 21:51:59,688 - INFO - Parameters for SimpleECT_CNN run:
2025-11-27 21:51:59,688 - INFO -   Quantiles: [0.1, 0.3, 0.5, 0.7]
2025-11-27 21:51:59,688 - INFO -   Num Directions: 48
2025-11-27 21:51:59,688 - INFO -   Num Thresholds: 48
2025-11-27 21:51:59,689 - INFO - Feature matrix X shape: (10000, 9216)
2025-11-27 21:52:02,904 - INFO - Starting TDA+RandomForest training...
2025-11-27 21:52:09,758 - INFO - Evaluating RandomForest...
2025-11-27 21:52:10,059 - INFO - TDA+RandomForest Accuracy: 76.75 %
2025-11-27 21:52:10,066 - INFO - Random Forest Classification Report:
              precision    recall  f1-score   support

 T-shirt/top       0.75      0.73      0.74       189
     Trouser       0.97      0.92      0.94       205
    Pullover       0.71      0.71      0.71       203
       Dress       0.65      0.78      0.71       204
        Coat       0.61      0.56      0.59       195
      Sandal       0.87      0.86      0.86       198
       Shirt       0.58      0.49      0.53       204
     Sneaker       0.81      0.89      0.85       204
         Bag       0.82      0.82      0.82       198
  Ankle boot       0.88      0.90      0.89       200

    accuracy                           0.77      2000
   macro avg       0.77      0.77      0.77      2000
weighted avg       0.77      0.77      0.77      2000

2025-11-27 21:52:49,369 - INFO -   Num Epochs: 30
2025-11-27 21:52:49,369 - INFO -   Learning Rate: 0.001
2025-11-27 21:52:49,369 - INFO - Starting SimpleECT_CNN training...
2025-11-27 21:52:51,780 - INFO - Epoch [1/30], Loss: 1.8699
2025-11-27 21:52:53,844 - INFO - Epoch [2/30], Loss: 0.7507
2025-11-27 21:52:55,739 - INFO - Epoch [3/30], Loss: 0.5790
2025-11-27 21:52:57,720 - INFO - Epoch [4/30], Loss: 0.4887
2025-11-27 21:52:59,514 - INFO - Epoch [5/30], Loss: 0.4543
2025-11-27 21:53:01,411 - INFO - Epoch [6/30], Loss: 0.3986
2025-11-27 21:53:03,262 - INFO - Epoch [7/30], Loss: 0.3581
2025-11-27 21:53:05,144 - INFO - Epoch [8/30], Loss: 0.3389
2025-11-27 21:53:07,060 - INFO - Epoch [9/30], Loss: 0.3010
2025-11-27 21:53:08,951 - INFO - Epoch [10/30], Loss: 0.2886
2025-11-27 21:53:10,860 - INFO - Epoch [11/30], Loss: 0.2528
2025-11-27 21:53:12,758 - INFO - Epoch [12/30], Loss: 0.2371
2025-11-27 21:53:14,684 - INFO - Epoch [13/30], Loss: 0.2285
2025-11-27 21:53:16,567 - INFO - Epoch [14/30], Loss: 0.2146
2025-11-27 21:53:18,463 - INFO - Epoch [15/30], Loss: 0.1923
2025-11-27 21:53:20,381 - INFO - Epoch [16/30], Loss: 0.1853
2025-11-27 21:53:22,305 - INFO - Epoch [17/30], Loss: 0.1549
2025-11-27 21:53:24,097 - INFO - Epoch [18/30], Loss: 0.1497
2025-11-27 21:53:25,776 - INFO - Epoch [19/30], Loss: 0.1240
2025-11-27 21:53:27,440 - INFO - Epoch [20/30], Loss: 0.1154
2025-11-27 21:53:29,122 - INFO - Epoch [21/30], Loss: 0.1175
2025-11-27 21:53:30,841 - INFO - Epoch [22/30], Loss: 0.1064
2025-11-27 21:53:32,561 - INFO - Epoch [23/30], Loss: 0.0917
2025-11-27 21:53:34,258 - INFO - Epoch [24/30], Loss: 0.0802
2025-11-27 21:53:35,994 - INFO - Epoch [25/30], Loss: 0.0690
2025-11-27 21:53:37,834 - INFO - Epoch [26/30], Loss: 0.0648
2025-11-27 21:53:39,643 - INFO - Epoch [27/30], Loss: 0.0604
2025-11-27 21:53:41,519 - INFO - Epoch [28/30], Loss: 0.0425
2025-11-27 21:53:43,483 - INFO - Epoch [29/30], Loss: 0.0553
2025-11-27 21:53:45,541 - INFO - Epoch [30/30], Loss: 0.0363
2025-11-27 21:53:45,541 - INFO - Finished SimpleECT_CNN training.
2025-11-27 21:53:45,765 - INFO - Overall Test Accuracy: 83.40 %
2025-11-27 21:53:46,041 - INFO - Accuracy by class:
  Accuracy of T-shirt/top: 54.50 %
  Accuracy of Trouser    : 95.61 %
  Accuracy of Pullover   : 67.49 %
  Accuracy of Dress      : 89.71 %
  Accuracy of Coat       : 67.69 %
  Accuracy of Sandal     : 92.93 %
  Accuracy of Shirt      : 82.84 %
  Accuracy of Sneaker    : 94.61 %
  Accuracy of Bag        : 93.43 %
  Accuracy of Ankle boot : 93.00 %
2025-11-27 21:53:46,041 - INFO - ==================================================

2025-11-27 21:55:55,599 - INFO - Parameters for SimpleECT_CNN run:
2025-11-27 21:55:55,599 - INFO -   Quantiles: [0.1, 0.3, 0.5, 0.7]
2025-11-27 21:55:55,599 - INFO -   Num Directions: 48
2025-11-27 21:55:55,599 - INFO -   Num Thresholds: 48
2025-11-27 21:55:55,599 - INFO - Feature matrix X shape: (10000, 9216)
2025-11-27 21:55:59,027 - INFO - Starting TDA+RandomForest training...
2025-11-27 21:56:05,267 - INFO - Evaluating RandomForest...
2025-11-27 21:56:05,514 - INFO - TDA+RandomForest Accuracy: 76.75 %
2025-11-27 21:56:05,514 - INFO - Random Forest Classification Report:
              precision    recall  f1-score   support

 T-shirt/top       0.75      0.73      0.74       189
     Trouser       0.97      0.92      0.94       205
    Pullover       0.71      0.71      0.71       203
       Dress       0.65      0.78      0.71       204
        Coat       0.61      0.56      0.59       195
      Sandal       0.87      0.86      0.86       198
       Shirt       0.58      0.49      0.53       204
     Sneaker       0.81      0.89      0.85       204
         Bag       0.82      0.82      0.82       198
  Ankle boot       0.88      0.90      0.89       200

    accuracy                           0.77      2000
   macro avg       0.77      0.77      0.77      2000
weighted avg       0.77      0.77      0.77      2000

2025-11-27 21:56:12,161 - INFO -   Num Epochs: 30
2025-11-27 21:56:12,161 - INFO -   Learning Rate: 0.001
2025-11-27 21:56:12,162 - INFO - Starting SimpleECT_CNN training...
2025-11-27 21:56:14,264 - INFO - Epoch [1/30], Loss: 1.4360
2025-11-27 21:56:16,290 - INFO - Epoch [2/30], Loss: 0.6816
2025-11-27 21:56:18,510 - INFO - Epoch [3/30], Loss: 0.5267
2025-11-27 21:56:20,572 - INFO - Epoch [4/30], Loss: 0.4482
2025-11-27 21:56:22,865 - INFO - Epoch [5/30], Loss: 0.4001
2025-11-27 21:56:25,033 - INFO - Epoch [6/30], Loss: 0.3512
2025-11-27 21:56:27,373 - INFO - Epoch [7/30], Loss: 0.3136
2025-11-27 21:56:29,766 - INFO - Epoch [8/30], Loss: 0.2789
2025-11-27 21:56:32,092 - INFO - Epoch [9/30], Loss: 0.2403
2025-11-27 21:56:34,335 - INFO - Epoch [10/30], Loss: 0.2222
2025-11-27 21:56:36,572 - INFO - Epoch [11/30], Loss: 0.2141
2025-11-27 21:56:38,665 - INFO - Epoch [12/30], Loss: 0.1703
2025-11-27 21:56:40,690 - INFO - Epoch [13/30], Loss: 0.1620
2025-11-27 21:56:42,778 - INFO - Epoch [14/30], Loss: 0.1531
2025-11-27 21:56:44,888 - INFO - Epoch [15/30], Loss: 0.1187
2025-11-27 21:56:47,135 - INFO - Epoch [16/30], Loss: 0.0993
2025-11-27 21:56:49,437 - INFO - Epoch [17/30], Loss: 0.1000
2025-11-27 21:56:51,780 - INFO - Epoch [18/30], Loss: 0.0912
2025-11-27 21:56:54,185 - INFO - Epoch [19/30], Loss: 0.0621
2025-11-27 21:56:56,475 - INFO - Epoch [20/30], Loss: 0.0582
2025-11-27 21:56:58,591 - INFO - Epoch [21/30], Loss: 0.0480
2025-11-27 21:57:00,641 - INFO - Epoch [22/30], Loss: 0.0452
2025-11-27 21:57:02,655 - INFO - Epoch [23/30], Loss: 0.0296
2025-11-27 21:57:04,406 - INFO - Epoch [24/30], Loss: 0.0302
2025-11-27 21:57:06,355 - INFO - Epoch [25/30], Loss: 0.0228
2025-11-27 21:57:08,536 - INFO - Epoch [26/30], Loss: 0.0246
2025-11-27 21:57:10,546 - INFO - Epoch [27/30], Loss: 0.0306
2025-11-27 21:57:12,721 - INFO - Epoch [28/30], Loss: 0.0213
2025-11-27 21:57:14,957 - INFO - Epoch [29/30], Loss: 0.0181
2025-11-27 21:57:17,362 - INFO - Epoch [30/30], Loss: 0.0145
2025-11-27 21:57:17,362 - INFO - Finished SimpleECT_CNN training.
2025-11-27 21:57:17,579 - INFO - Overall Test Accuracy: 85.45 %
2025-11-27 22:06:00,953 - INFO - Parameters for SimpleECT_CNN run:
2025-11-27 22:06:00,953 - INFO -   Quantiles: [0.1, 0.3, 0.5, 0.7]
2025-11-27 22:06:00,953 - INFO -   Num Directions: 48
2025-11-27 22:06:00,953 - INFO -   Num Thresholds: 48
2025-11-27 22:06:00,953 - INFO - Feature matrix X shape: (10000, 11520)
2025-11-27 22:06:04,993 - INFO - Starting TDA+RandomForest training...
2025-11-27 22:06:12,061 - INFO - Evaluating RandomForest...
2025-11-27 22:06:12,241 - INFO - TDA+RandomForest Accuracy: 77.55 %
2025-11-27 22:06:12,251 - INFO - Random Forest Classification Report:
              precision    recall  f1-score   support

 T-shirt/top       0.74      0.75      0.74       189
     Trouser       0.98      0.93      0.95       205
    Pullover       0.73      0.72      0.73       203
       Dress       0.68      0.80      0.74       204
        Coat       0.66      0.58      0.62       195
      Sandal       0.88      0.85      0.86       198
       Shirt       0.58      0.50      0.53       204
     Sneaker       0.80      0.91      0.85       204
         Bag       0.76      0.84      0.80       198
  Ankle boot       0.93      0.89      0.91       200

    accuracy                           0.78      2000
   macro avg       0.77      0.77      0.77      2000
weighted avg       0.77      0.78      0.77      2000

2025-11-27 22:06:48,198 - INFO -   Num Epochs: 30
2025-11-27 22:06:48,198 - INFO -   Learning Rate: 0.001
2025-11-27 22:06:48,198 - INFO - Starting SimpleECT_CNN training...
2025-11-27 22:06:50,271 - INFO - Epoch [1/30], Loss: 1.4442
2025-11-27 22:06:52,200 - INFO - Epoch [2/30], Loss: 0.7001
2025-11-27 22:06:54,303 - INFO - Epoch [3/30], Loss: 0.5614
2025-11-27 22:06:56,398 - INFO - Epoch [4/30], Loss: 0.4820
2025-11-27 22:06:58,524 - INFO - Epoch [5/30], Loss: 0.4324
2025-11-27 22:07:00,529 - INFO - Epoch [6/30], Loss: 0.4103
2025-11-27 22:07:02,540 - INFO - Epoch [7/30], Loss: 0.3600
2025-11-27 22:07:04,544 - INFO - Epoch [8/30], Loss: 0.3295
2025-11-27 22:07:06,545 - INFO - Epoch [9/30], Loss: 0.2911
2025-11-27 22:07:08,476 - INFO - Epoch [10/30], Loss: 0.2877
2025-11-27 22:07:10,611 - INFO - Epoch [11/30], Loss: 0.2684
2025-11-27 22:07:12,682 - INFO - Epoch [12/30], Loss: 0.2487
2025-11-27 22:07:14,784 - INFO - Epoch [13/30], Loss: 0.2181
2025-11-27 22:07:16,800 - INFO - Epoch [14/30], Loss: 0.2058
2025-11-27 22:07:18,702 - INFO - Epoch [15/30], Loss: 0.1861
2025-11-27 22:07:20,624 - INFO - Epoch [16/30], Loss: 0.1629
2025-11-27 22:07:22,549 - INFO - Epoch [17/30], Loss: 0.1517
2025-11-27 22:07:24,468 - INFO - Epoch [18/30], Loss: 0.1499
2025-11-27 22:07:26,194 - INFO - Epoch [19/30], Loss: 0.1275
2025-11-27 22:07:28,325 - INFO - Epoch [20/30], Loss: 0.1326
2025-11-27 22:07:30,449 - INFO - Epoch [21/30], Loss: 0.1127
2025-11-27 22:07:32,698 - INFO - Epoch [22/30], Loss: 0.0955
2025-11-27 22:07:34,877 - INFO - Epoch [23/30], Loss: 0.0857
2025-11-27 22:07:37,241 - INFO - Epoch [24/30], Loss: 0.0915
2025-11-27 22:07:39,606 - INFO - Epoch [25/30], Loss: 0.0742
2025-11-27 22:07:42,018 - INFO - Epoch [26/30], Loss: 0.0660
2025-11-27 22:07:44,224 - INFO - Epoch [27/30], Loss: 0.0477
2025-11-27 22:07:46,366 - INFO - Epoch [28/30], Loss: 0.0440
2025-11-27 22:07:48,476 - INFO - Epoch [29/30], Loss: 0.0326
2025-11-27 22:07:50,459 - INFO - Epoch [30/30], Loss: 0.0500
2025-11-27 22:07:50,459 - INFO - Finished SimpleECT_CNN training.
2025-11-27 22:07:50,706 - INFO - Overall Test Accuracy: 83.00 %
2025-11-27 22:07:50,942 - INFO - Accuracy by class:
  Accuracy of T-shirt/top: 80.42 %
  Accuracy of Trouser    : 95.12 %
  Accuracy of Pullover   : 75.86 %
  Accuracy of Dress      : 91.67 %
  Accuracy of Coat       : 78.46 %
  Accuracy of Sandal     : 95.45 %
  Accuracy of Shirt      : 35.29 %
  Accuracy of Sneaker    : 93.63 %
  Accuracy of Bag        : 92.93 %
  Accuracy of Ankle boot : 91.50 %
2025-11-27 22:07:50,942 - INFO - ==================================================

2025-11-27 22:08:56,523 - INFO -   Num Epochs: 30
2025-11-27 22:08:56,523 - INFO -   Learning Rate: 0.001
2025-11-27 22:08:56,523 - INFO - Starting SimpleECT_CNN training...
2025-11-27 22:08:59,192 - INFO - Epoch [1/30], Loss: 1.4866
2025-11-27 22:09:01,575 - INFO - Epoch [2/30], Loss: 0.7155
2025-11-27 22:09:03,746 - INFO - Epoch [3/30], Loss: 0.5776
2025-11-27 22:09:05,806 - INFO - Epoch [4/30], Loss: 0.4936
2025-11-27 22:09:08,042 - INFO - Epoch [5/30], Loss: 0.4448
2025-11-27 22:09:10,344 - INFO - Epoch [6/30], Loss: 0.3900
2025-11-27 22:09:12,264 - INFO - Epoch [7/30], Loss: 0.3612
2025-11-27 22:09:14,493 - INFO - Epoch [8/30], Loss: 0.3323
2025-11-27 22:09:16,646 - INFO - Epoch [9/30], Loss: 0.3074
2025-11-27 22:09:19,065 - INFO - Epoch [10/30], Loss: 0.2798
2025-11-27 22:09:21,064 - INFO - Epoch [11/30], Loss: 0.2545
2025-11-27 22:09:23,204 - INFO - Epoch [12/30], Loss: 0.2443
2025-11-27 22:09:25,459 - INFO - Epoch [13/30], Loss: 0.2167
2025-11-27 22:09:27,489 - INFO - Epoch [14/30], Loss: 0.2223
2025-11-27 22:09:29,729 - INFO - Epoch [15/30], Loss: 0.1899
2025-11-27 22:09:32,066 - INFO - Epoch [16/30], Loss: 0.1629
2025-11-27 22:09:34,096 - INFO - Epoch [17/30], Loss: 0.1472
2025-11-27 22:09:36,324 - INFO - Epoch [18/30], Loss: 0.1425
2025-11-27 22:09:38,912 - INFO - Epoch [19/30], Loss: 0.1272
2025-11-27 22:09:41,466 - INFO - Epoch [20/30], Loss: 0.1209
2025-11-27 22:09:43,707 - INFO - Epoch [21/30], Loss: 0.1070
2025-11-27 22:09:45,881 - INFO - Epoch [22/30], Loss: 0.1105
2025-11-27 22:09:48,039 - INFO - Epoch [23/30], Loss: 0.1177
2025-11-27 22:09:50,411 - INFO - Epoch [24/30], Loss: 0.0852
2025-11-27 22:09:52,900 - INFO - Epoch [25/30], Loss: 0.1143
2025-11-27 22:09:55,238 - INFO - Epoch [26/30], Loss: 0.1188
2025-11-27 22:09:57,325 - INFO - Epoch [27/30], Loss: 0.0662
2025-11-27 22:09:59,415 - INFO - Epoch [28/30], Loss: 0.0849
2025-11-27 22:10:01,561 - INFO - Epoch [29/30], Loss: 0.0478
2025-11-27 22:10:03,734 - INFO - Epoch [30/30], Loss: 0.0387
2025-11-27 22:10:03,734 - INFO - Finished SimpleECT_CNN training.
2025-11-27 22:10:03,969 - INFO - Overall Test Accuracy: 84.10 %
2025-11-27 22:10:04,216 - INFO - Accuracy by class:
  Accuracy of T-shirt/top: 70.37 %
  Accuracy of Trouser    : 95.61 %
  Accuracy of Pullover   : 76.35 %
  Accuracy of Dress      : 83.33 %
  Accuracy of Coat       : 68.21 %
  Accuracy of Sandal     : 95.96 %
  Accuracy of Shirt      : 72.55 %
  Accuracy of Sneaker    : 92.65 %
  Accuracy of Bag        : 94.95 %
  Accuracy of Ankle boot : 90.00 %
2025-11-27 22:10:04,216 - INFO - ==================================================

2025-11-27 22:13:23,346 - INFO - Parameters for SimpleECT_CNN run:
2025-11-27 22:13:23,347 - INFO -   Quantiles: [0.1, 0.3, 0.5, 0.7]
2025-11-27 22:13:23,347 - INFO -   Num Directions: 48
2025-11-27 22:13:23,347 - INFO -   Num Thresholds: 48
2025-11-27 22:13:23,347 - INFO - Feature matrix X shape: (10000, 9216)
2025-11-27 22:13:23,771 - INFO -   Num Epochs: 30
2025-11-27 22:13:23,771 - INFO -   Learning Rate: 0.001
2025-11-27 22:13:23,771 - INFO - Starting SimpleECT_CNN training...
2025-11-27 22:13:26,012 - INFO - Epoch [1/30], Loss: 1.6376
2025-11-27 22:13:28,166 - INFO - Epoch [2/30], Loss: 0.7365
2025-11-27 22:13:30,261 - INFO - Epoch [3/30], Loss: 0.5600
2025-11-27 22:13:32,271 - INFO - Epoch [4/30], Loss: 0.4874
2025-11-27 22:13:34,135 - INFO - Epoch [5/30], Loss: 0.4293
2025-11-27 22:13:36,004 - INFO - Epoch [6/30], Loss: 0.3937
2025-11-27 22:13:37,767 - INFO - Epoch [7/30], Loss: 0.3549
2025-11-27 22:13:39,602 - INFO - Epoch [8/30], Loss: 0.3332
2025-11-27 22:13:41,415 - INFO - Epoch [9/30], Loss: 0.2973
2025-11-27 22:13:43,219 - INFO - Epoch [10/30], Loss: 0.2623
2025-11-27 22:13:45,366 - INFO - Epoch [11/30], Loss: 0.2354
2025-11-27 22:13:47,532 - INFO - Epoch [12/30], Loss: 0.2217
2025-11-27 22:13:49,706 - INFO - Epoch [13/30], Loss: 0.2137
2025-11-27 22:13:51,736 - INFO - Epoch [14/30], Loss: 0.1835
2025-11-27 22:13:53,822 - INFO - Epoch [15/30], Loss: 0.1943
2025-11-27 22:13:55,901 - INFO - Epoch [16/30], Loss: 0.1559
2025-11-27 22:13:57,916 - INFO - Epoch [17/30], Loss: 0.1425
2025-11-27 22:13:59,819 - INFO - Epoch [18/30], Loss: 0.1176
2025-11-27 22:14:01,738 - INFO - Epoch [19/30], Loss: 0.1545
2025-11-27 22:14:03,592 - INFO - Epoch [20/30], Loss: 0.1223
2025-11-27 22:14:05,711 - INFO - Epoch [21/30], Loss: 0.0930
2025-11-27 22:14:07,940 - INFO - Epoch [22/30], Loss: 0.0828
2025-11-27 22:14:10,016 - INFO - Epoch [23/30], Loss: 0.0689
2025-11-27 22:14:11,939 - INFO - Epoch [24/30], Loss: 0.0664
2025-11-27 22:14:14,066 - INFO - Epoch [25/30], Loss: 0.0598
2025-11-27 22:14:15,953 - INFO - Epoch [26/30], Loss: 0.0492
2025-11-27 22:14:17,807 - INFO - Epoch [27/30], Loss: 0.0471
2025-11-27 22:14:19,765 - INFO - Epoch [28/30], Loss: 0.0588
2025-11-27 22:14:21,718 - INFO - Epoch [29/30], Loss: 0.0396
2025-11-27 22:14:23,592 - INFO - Epoch [30/30], Loss: 0.0290
2025-11-27 22:14:23,592 - INFO - Finished SimpleECT_CNN training.
2025-11-27 22:14:23,800 - INFO - Overall Test Accuracy: 84.15 %
2025-11-27 22:14:44,589 - INFO -   Num Epochs: 40
2025-11-27 22:14:44,589 - INFO -   Learning Rate: 0.001
2025-11-27 22:14:44,589 - INFO - Starting SimpleECT_CNN training...
2025-11-27 22:14:46,444 - INFO - Epoch [1/40], Loss: 1.3235
2025-11-27 22:14:48,415 - INFO - Epoch [2/40], Loss: 0.6654
2025-11-27 22:14:50,641 - INFO - Epoch [3/40], Loss: 0.5551
2025-11-27 22:14:52,948 - INFO - Epoch [4/40], Loss: 0.4758
2025-11-27 22:14:55,281 - INFO - Epoch [5/40], Loss: 0.4404
2025-11-27 22:14:57,572 - INFO - Epoch [6/40], Loss: 0.4069
2025-11-27 22:14:59,753 - INFO - Epoch [7/40], Loss: 0.3493
2025-11-27 22:15:02,065 - INFO - Epoch [8/40], Loss: 0.3123
2025-11-27 22:15:04,470 - INFO - Epoch [9/40], Loss: 0.2860
2025-11-27 22:15:07,052 - INFO - Epoch [10/40], Loss: 0.2679
2025-11-27 22:15:09,628 - INFO - Epoch [11/40], Loss: 0.2490
2025-11-27 22:15:11,762 - INFO - Epoch [12/40], Loss: 0.2218
2025-11-27 22:15:13,863 - INFO - Epoch [13/40], Loss: 0.2008
2025-11-27 22:15:15,828 - INFO - Epoch [14/40], Loss: 0.1786
2025-11-27 22:15:18,156 - INFO - Epoch [15/40], Loss: 0.1708
2025-11-27 22:15:20,464 - INFO - Epoch [16/40], Loss: 0.1486
2025-11-27 22:15:22,602 - INFO - Epoch [17/40], Loss: 0.1345
2025-11-27 22:15:24,673 - INFO - Epoch [18/40], Loss: 0.1282
2025-11-27 22:15:26,668 - INFO - Epoch [19/40], Loss: 0.1101
2025-11-27 22:15:28,797 - INFO - Epoch [20/40], Loss: 0.1032
2025-11-27 22:15:31,030 - INFO - Epoch [21/40], Loss: 0.1038
2025-11-27 22:15:33,230 - INFO - Epoch [22/40], Loss: 0.0852
2025-11-27 22:15:35,285 - INFO - Epoch [23/40], Loss: 0.0876
2025-11-27 22:15:37,323 - INFO - Epoch [24/40], Loss: 0.0682
2025-11-27 22:15:39,439 - INFO - Epoch [25/40], Loss: 0.0536
2025-11-27 22:15:41,852 - INFO - Epoch [26/40], Loss: 0.0424
2025-11-27 22:15:44,353 - INFO - Epoch [27/40], Loss: 0.0375
2025-11-27 22:15:46,809 - INFO - Epoch [28/40], Loss: 0.0534
2025-11-27 22:15:49,122 - INFO - Epoch [29/40], Loss: 0.0905
2025-11-27 22:15:51,528 - INFO - Epoch [30/40], Loss: 0.0607
2025-11-27 22:15:53,592 - INFO - Epoch [31/40], Loss: 0.0282
2025-11-27 22:15:55,601 - INFO - Epoch [32/40], Loss: 0.0202
2025-11-27 22:15:57,928 - INFO - Epoch [33/40], Loss: 0.0208
2025-11-27 22:16:00,047 - INFO - Epoch [34/40], Loss: 0.0154
2025-11-27 22:16:02,192 - INFO - Epoch [35/40], Loss: 0.0115
2025-11-27 22:16:04,265 - INFO - Epoch [36/40], Loss: 0.0130
2025-11-27 22:16:06,184 - INFO - Epoch [37/40], Loss: 0.0077
2025-11-27 22:16:08,397 - INFO - Epoch [38/40], Loss: 0.0061
2025-11-27 22:16:10,612 - INFO - Epoch [39/40], Loss: 0.0052
2025-11-27 22:16:12,902 - INFO - Epoch [40/40], Loss: 0.0041
2025-11-27 22:16:12,902 - INFO - Finished SimpleECT_CNN training.
2025-11-27 22:16:13,119 - INFO - Overall Test Accuracy: 84.80 %
2025-11-27 22:16:22,225 - INFO - Accuracy by class:
  Accuracy of T-shirt/top: 77.78 %
  Accuracy of Trouser    : 94.63 %
  Accuracy of Pullover   : 76.35 %
  Accuracy of Dress      : 84.31 %
  Accuracy of Coat       : 74.87 %
  Accuracy of Sandal     : 94.95 %
  Accuracy of Shirt      : 64.71 %
  Accuracy of Sneaker    : 93.63 %
  Accuracy of Bag        : 94.44 %
  Accuracy of Ankle boot : 92.00 %
2025-11-27 22:16:22,225 - INFO - ==================================================

2025-11-27 22:17:21,569 - INFO -   Num Epochs: 20
2025-11-27 22:17:21,569 - INFO -   Learning Rate: 0.001
2025-11-27 22:17:21,569 - INFO - Starting SimpleECT_CNN training...
2025-11-27 22:17:23,737 - INFO - Epoch [1/20], Loss: 1.4114
2025-11-27 22:17:25,827 - INFO - Epoch [2/20], Loss: 0.6879
2025-11-27 22:17:27,734 - INFO - Epoch [3/20], Loss: 0.5569
2025-11-27 22:17:29,599 - INFO - Epoch [4/20], Loss: 0.4914
2025-11-27 22:17:31,321 - INFO - Epoch [5/20], Loss: 0.4136
2025-11-27 22:17:33,039 - INFO - Epoch [6/20], Loss: 0.3756
2025-11-27 22:17:34,797 - INFO - Epoch [7/20], Loss: 0.3542
2025-11-27 22:17:36,539 - INFO - Epoch [8/20], Loss: 0.3073
2025-11-27 22:17:38,264 - INFO - Epoch [9/20], Loss: 0.2824
2025-11-27 22:17:40,096 - INFO - Epoch [10/20], Loss: 0.2620
2025-11-27 22:17:41,946 - INFO - Epoch [11/20], Loss: 0.2302
2025-11-27 22:17:43,846 - INFO - Epoch [12/20], Loss: 0.2106
2025-11-27 22:17:45,854 - INFO - Epoch [13/20], Loss: 0.1893
2025-11-27 22:17:47,719 - INFO - Epoch [14/20], Loss: 0.1719
2025-11-27 22:17:49,709 - INFO - Epoch [15/20], Loss: 0.1519
2025-11-27 22:17:51,710 - INFO - Epoch [16/20], Loss: 0.1489
2025-11-27 22:17:53,818 - INFO - Epoch [17/20], Loss: 0.1324
2025-11-27 22:17:55,667 - INFO - Epoch [18/20], Loss: 0.1293
2025-11-27 22:17:57,475 - INFO - Epoch [19/20], Loss: 0.1059
2025-11-27 22:17:59,517 - INFO - Epoch [20/20], Loss: 0.0859
2025-11-27 22:17:59,517 - INFO - Finished SimpleECT_CNN training.
2025-11-27 22:17:59,733 - INFO - Overall Test Accuracy: 84.85 %
2025-11-27 22:18:12,706 - INFO - Accuracy by class:
  Accuracy of T-shirt/top: 76.72 %
  Accuracy of Trouser    : 95.12 %
  Accuracy of Pullover   : 87.19 %
  Accuracy of Dress      : 95.10 %
  Accuracy of Coat       : 60.51 %
  Accuracy of Sandal     : 93.43 %
  Accuracy of Shirt      : 58.33 %
  Accuracy of Sneaker    : 91.18 %
  Accuracy of Bag        : 95.96 %
  Accuracy of Ankle boot : 94.00 %
2025-11-27 22:18:12,706 - INFO - ==================================================

2025-11-27 22:29:35,883 - INFO - Parameters for SimpleECT_CNN run:
2025-11-27 22:29:35,883 - INFO -   Quantiles: [0.1, 0.3, 0.5, 0.7]
2025-11-27 22:29:35,883 - INFO -   Num Directions: 48
2025-11-27 22:29:35,883 - INFO -   Num Thresholds: 48
2025-11-27 22:29:35,883 - INFO - Feature matrix X shape: (60000, 11520)
2025-11-27 22:29:44,886 - INFO - Starting TDA+RandomForest training...
2025-11-27 22:30:40,450 - INFO - Evaluating RandomForest...
2025-11-27 22:30:43,058 - INFO - TDA+RandomForest Accuracy: 81.22 %
2025-11-27 22:30:43,097 - INFO - Random Forest Classification Report:
              precision    recall  f1-score   support

 T-shirt/top       0.77      0.77      0.77      1200
     Trouser       0.98      0.95      0.97      1200
    Pullover       0.73      0.76      0.75      1200
       Dress       0.73      0.83      0.77      1200
        Coat       0.70      0.66      0.68      1200
      Sandal       0.90      0.91      0.90      1200
       Shirt       0.64      0.53      0.58      1200
     Sneaker       0.88      0.90      0.89      1200
         Bag       0.85      0.89      0.87      1200
  Ankle boot       0.91      0.94      0.92      1200

    accuracy                           0.81     12000
   macro avg       0.81      0.81      0.81     12000
weighted avg       0.81      0.81      0.81     12000

2025-11-27 22:31:50,076 - INFO -   Num Epochs: 50
2025-11-27 22:31:50,076 - INFO -   Learning Rate: 0.001
2025-11-27 22:31:50,076 - INFO - Starting SimpleECT_CNN training...
2025-11-27 22:32:06,078 - INFO - Epoch [1/50], Loss: 0.7417
2025-11-27 22:32:19,258 - INFO - Epoch [2/50], Loss: 0.4086
2025-11-27 22:32:32,948 - INFO - Epoch [3/50], Loss: 0.3472
2025-11-27 22:32:46,907 - INFO - Epoch [4/50], Loss: 0.3157
2025-11-27 22:33:01,233 - INFO - Epoch [5/50], Loss: 0.2893
2025-11-27 22:33:15,567 - INFO - Epoch [6/50], Loss: 0.2688
2025-11-27 22:33:30,316 - INFO - Epoch [7/50], Loss: 0.2509
2025-11-27 22:33:43,736 - INFO - Epoch [8/50], Loss: 0.2390
2025-11-27 22:33:57,919 - INFO - Epoch [9/50], Loss: 0.2215
2025-11-27 22:34:10,178 - INFO - Epoch [10/50], Loss: 0.2093
2025-11-27 22:34:23,526 - INFO - Epoch [11/50], Loss: 0.2002
2025-11-27 22:34:35,798 - INFO - Epoch [12/50], Loss: 0.1866
2025-11-27 22:34:47,958 - INFO - Epoch [13/50], Loss: 0.1753
2025-11-27 22:34:59,811 - INFO - Epoch [14/50], Loss: 0.1689
2025-11-27 22:35:12,488 - INFO - Epoch [15/50], Loss: 0.1581
2025-11-27 22:35:27,685 - INFO - Epoch [16/50], Loss: 0.1453
2025-11-27 22:35:41,534 - INFO - Epoch [17/50], Loss: 0.1380
2025-11-27 22:35:54,931 - INFO - Epoch [18/50], Loss: 0.1337
2025-11-27 22:36:10,095 - INFO - Epoch [19/50], Loss: 0.1255
2025-11-27 22:36:24,728 - INFO - Epoch [20/50], Loss: 0.1149
2025-11-27 22:36:39,574 - INFO - Epoch [21/50], Loss: 0.1165
2025-11-27 22:36:53,863 - INFO - Epoch [22/50], Loss: 0.1077
2025-11-27 22:37:07,941 - INFO - Epoch [23/50], Loss: 0.1074
2025-11-27 22:37:19,497 - INFO - Epoch [24/50], Loss: 0.0977
2025-11-27 22:37:33,772 - INFO - Epoch [25/50], Loss: 0.0917
2025-11-27 22:37:48,148 - INFO - Epoch [26/50], Loss: 0.0862
2025-11-27 22:38:02,593 - INFO - Epoch [27/50], Loss: 0.0836
2025-11-27 22:38:16,421 - INFO - Epoch [28/50], Loss: 0.0745
2025-11-27 22:38:31,262 - INFO - Epoch [29/50], Loss: 0.0767
2025-11-27 22:38:46,399 - INFO - Epoch [30/50], Loss: 0.0744
2025-11-27 22:39:02,088 - INFO - Epoch [31/50], Loss: 0.0670
2025-11-27 22:39:17,509 - INFO - Epoch [32/50], Loss: 0.0626
2025-11-27 22:39:31,340 - INFO - Epoch [33/50], Loss: 0.0671
2025-11-27 22:39:46,859 - INFO - Epoch [34/50], Loss: 0.0643
2025-11-27 22:40:02,806 - INFO - Epoch [35/50], Loss: 0.0571
2025-11-27 22:40:21,676 - INFO - Epoch [36/50], Loss: 0.0507
2025-11-27 22:40:39,451 - INFO - Epoch [37/50], Loss: 0.0635
2025-11-27 22:40:54,571 - INFO - Epoch [38/50], Loss: 0.0529
2025-11-27 22:41:14,545 - INFO - Epoch [39/50], Loss: 0.0464
2025-11-27 22:41:32,352 - INFO - Epoch [40/50], Loss: 0.0420
2025-11-27 22:41:47,715 - INFO - Epoch [41/50], Loss: 0.0559
2025-11-27 22:42:03,117 - INFO - Epoch [42/50], Loss: 0.0603
2025-11-27 22:42:17,632 - INFO - Epoch [43/50], Loss: 0.0454
2025-11-27 22:42:34,527 - INFO - Epoch [44/50], Loss: 0.0327
2025-11-27 22:42:50,748 - INFO - Epoch [45/50], Loss: 0.0421
2025-11-27 22:43:06,853 - INFO - Epoch [46/50], Loss: 0.0395
2025-11-27 22:43:23,900 - INFO - Epoch [47/50], Loss: 0.0465
2025-11-27 22:43:42,229 - INFO - Epoch [48/50], Loss: 0.0326
2025-11-27 22:44:01,614 - INFO - Epoch [49/50], Loss: 0.0374
2025-11-27 22:44:20,458 - INFO - Epoch [50/50], Loss: 0.0475
2025-11-27 22:44:20,458 - INFO - Finished SimpleECT_CNN training.
2025-11-27 22:44:22,426 - INFO - Overall Test Accuracy: 87.17 %
2025-11-27 22:44:23,975 - INFO - Accuracy by class:
  Accuracy of T-shirt/top: 81.08 %
  Accuracy of Trouser    : 98.00 %
  Accuracy of Pullover   : 81.75 %
  Accuracy of Dress      : 84.83 %
  Accuracy of Coat       : 75.08 %
  Accuracy of Sandal     : 97.42 %
  Accuracy of Shirt      : 66.75 %
  Accuracy of Sneaker    : 94.33 %
  Accuracy of Bag        : 97.33 %
  Accuracy of Ankle boot : 95.08 %
2025-11-27 22:44:23,975 - INFO - ==================================================

